# JRE version: OpenJDK Runtime Environment (21.0.2+13) (build 21.0.2+13-58)
# Java VM: OpenJDK 64-Bit Server VM (21.0.2+13-58, mixed mode, sharing, tiered, compressed class ptrs, z gc, windows-amd64)
GC Precious Log:
 NUMA Support: Disabled
 CPUs: 12 total, 12 available
 Memory: 16108M
 Large Page Support: Disabled
 Address Space Type: Contiguous/Unrestricted/Complete
 Address Space Size: 64448M
 Min Capacity: 8M
 Initial Capacity: 252M
 Max Capacity: 4028M
 Soft Max Capacity: 3624M
 Medium Page Size: 32M
 Pre-touch: Disabled
 Uncommit: Enabled
 Uncommit Delay: 300s
 GC Workers for Old Generation: 3 (dynamic)
 GC Workers for Young Generation: 3 (dynamic)
 GC Workers Max: 3 (dynamic)
 Runtime Workers: 8
 Forced to lower max Java heap size from 4028M(100%) to 1224M(30%)
Heap:
 ZHeap           used 210M, capacity 1224M, max capacity 4028M
 Metaspace       used 71122K, committed 72192K, reserved 1114112K
  class space    used 9448K, committed 9920K, reserved 1048576K
GC Heap History (22 events):
Event: 3.157 GC heap before
{Heap before GC invocations=0 (full 0):
 ZHeap           used 146M, capacity 252M, max capacity 4028M
 Metaspace       used 21183K, committed 21568K, reserved 1114112K
  class space    used 2667K, committed 2816K, reserved 1048576K
}
Event: 3.205 GC heap after
{Heap after GC invocations=1 (full 1):
 ZHeap           used 62M, capacity 252M, max capacity 4028M
 Metaspace       used 21712K, committed 22016K, reserved 1114112K
  class space    used 2760K, committed 2880K, reserved 1048576K
}
Event: 3.205 GC heap before
{Heap before GC invocations=1 (full 1):
 ZHeap           used 62M, capacity 252M, max capacity 4028M
 Metaspace       used 21712K, committed 22016K, reserved 1114112K
  class space    used 2760K, committed 2880K, reserved 1048576K
}
Event: 3.282 GC heap after
{Heap after GC invocations=1 (full 1):
 ZHeap           used 66M, capacity 252M, max capacity 4028M
 Metaspace       used 21871K, committed 22208K, reserved 1114112K
  class space    used 2795K, committed 2944K, reserved 1048576K
}
Event: 5.950 GC heap before
{Heap before GC invocations=1 (full 1):
 ZHeap           used 224M, capacity 252M, max capacity 4028M
 Metaspace       used 36587K, committed 37120K, reserved 1114112K
  class space    used 4756K, committed 4992K, reserved 1048576K
}
Event: 6.062 GC heap after
{Heap after GC invocations=2 (full 2):
 ZHeap           used 88M, capacity 252M, max capacity 4028M
 Metaspace       used 37063K, committed 37568K, reserved 1114112K
  class space    used 4808K, committed 4992K, reserved 1048576K
}
Event: 6.062 GC heap before
{Heap before GC invocations=2 (full 2):
 ZHeap           used 88M, capacity 252M, max capacity 4028M
 Metaspace       used 37063K, committed 37568K, reserved 1114112K
  class space    used 4808K, committed 4992K, reserved 1048576K
}
Event: 6.147 GC heap after
{Heap after GC invocations=2 (full 2):
 ZHeap           used 94M, capacity 252M, max capacity 4028M
 Metaspace       used 37505K, committed 38016K, reserved 1114112K
  class space    used 4888K, committed 5120K, reserved 1048576K
}
Event: 15.581 GC heap before
{Heap before GC invocations=2 (full 2):
 ZHeap           used 364M, capacity 364M, max capacity 4028M
 Metaspace       used 61450K, committed 62336K, reserved 1114112K
  class space    used 8362K, committed 8768K, reserved 1048576K
}
Event: 15.683 GC heap after
{Heap after GC invocations=3 (full 3):
 ZHeap           used 166M, capacity 448M, max capacity 4028M
 Metaspace       used 62220K, committed 63168K, reserved 1114112K
  class space    used 8460K, committed 8896K, reserved 1048576K
}
Event: 15.683 GC heap before
{Heap before GC invocations=3 (full 3):
 ZHeap           used 166M, capacity 448M, max capacity 4028M
 Metaspace       used 62220K, committed 63168K, reserved 1114112K
  class space    used 8460K, committed 8896K, reserved 1048576K
}
Event: 15.771 GC heap after
{Heap after GC invocations=3 (full 3):
 ZHeap           used 168M, capacity 448M, max capacity 4028M
 Metaspace       used 62575K, committed 63552K, reserved 1114112K
  class space    used 8512K, committed 8960K, reserved 1048576K
}
Event: 550.203 GC heap before
{Heap before GC invocations=3 (full 3):
 ZHeap           used 726M, capacity 726M, max capacity 4028M
 Metaspace       used 70931K, committed 72000K, reserved 1114112K
  class space    used 9446K, committed 9920K, reserved 1048576K
}
Event: 551.655 GC heap after
{Heap after GC invocations=4 (full 4):
 ZHeap           used 180M, capacity 784M, max capacity 4028M
 Metaspace       used 70940K, committed 72000K, reserved 1114112K
  class space    used 9446K, committed 9920K, reserved 1048576K
}
Event: 551.655 GC heap before
{Heap before GC invocations=4 (full 4):
 ZHeap           used 180M, capacity 784M, max capacity 4028M
 Metaspace       used 70940K, committed 72000K, reserved 1114112K
  class space    used 9446K, committed 9920K, reserved 1048576K
}
Event: 551.862 GC heap after
{Heap after GC invocations=4 (full 4):
 ZHeap           used 184M, capacity 784M, max capacity 4028M
 Metaspace       used 70945K, committed 72000K, reserved 1114112K
  class space    used 9446K, committed 9920K, reserved 1048576K
}
Event: 636.808 GC heap before
{Heap before GC invocations=4 (full 4):
 ZHeap           used 1088M, capacity 1088M, max capacity 4028M
 Metaspace       used 71041K, committed 72064K, reserved 1114112K
  class space    used 9448K, committed 9920K, reserved 1048576K
}
Event: 637.119 GC heap after
{Heap after GC invocations=5 (full 5):
 ZHeap           used 164M, capacity 1102M, max capacity 4028M
 Metaspace       used 71043K, committed 72128K, reserved 1114112K
  class space    used 9448K, committed 9920K, reserved 1048576K
}
Event: 637.119 GC heap before
{Heap before GC invocations=5 (full 5):
 ZHeap           used 164M, capacity 1102M, max capacity 4028M
 Metaspace       used 71043K, committed 72128K, reserved 1114112K
  class space    used 9448K, committed 9920K, reserved 1048576K
}
Event: 637.653 GC heap after
{Heap after GC invocations=5 (full 5):
 ZHeap           used 168M, capacity 1102M, max capacity 4028M
 Metaspace       used 71049K, committed 72192K, reserved 1114112K
  class space    used 9448K, committed 9920K, reserved 1048576K
}
Event: 703.459 GC heap before
{Heap before GC invocations=5 (full 5):
 ZHeap           used 1224M, capacity 1224M, max capacity 4028M
 Metaspace       used 71117K, committed 72192K, reserved 1114112K
  class space    used 9448K, committed 9920K, reserved 1048576K
}
Event: 704.361 GC heap after
{Heap after GC invocations=6 (full 5):
 ZHeap           used 200M, capacity 1224M, max capacity 4028M
 Metaspace       used 71121K, committed 72192K, reserved 1114112K
  class space    used 9448K, committed 9920K, reserved 1048576K
}

